<?xml version="1.0" encoding="UTF-8"?>
<!-- Generated by org.testng.reporters.JUnitXMLReporter -->
<testsuite ignored="0" hostname="LTIN275801" failures="0" tests="20" name="Default test" time="64.153" errors="0" timestamp="2024-03-02T14:42:34 IST">
  <testcase classname="Test_Cases.Finding_Hospitals" name="findDoctors" time="1.975"/>
  <testcase classname="Test_Cases.Finding_Hospitals" name="Search_City" time="0.712"/>
  <testcase classname="Test_Cases.Finding_Hospitals" name="Search_Dentists" time="1.763"/>
  <testcase classname="Test_Cases.Finding_Hospitals" name="select_PatientStories" time="2.351"/>
  <testcase classname="Test_Cases.Finding_Hospitals" name="select_Experience" time="2.694"/>
  <testcase classname="Test_Cases.Finding_Hospitals" name="applyFilters" time="2.539"/>
  <testcase classname="Test_Cases.Finding_Hospitals" name="applyFilters_1" time="2.56"/>
  <testcase classname="Test_Cases.Finding_Hospitals" name="applyFilters_2" time="4.283"/>
  <testcase classname="Test_Cases.Finding_Hospitals" name="get_DoctorDetails" time="22.424"/>
  <testcase classname="Test_Cases.Finding_Hospitals" name="navigateToSurgeries" time="1.037"/>
  <testcase classname="Test_Cases.Finding_Hospitals" name="ScrollToSurgeries" time="0.024"/>
  <testcase classname="Test_Cases.Finding_Hospitals" name="sugeryNames" time="1.365"/>
  <testcase classname="Test_Cases.Finding_Hospitals" name="ScrollToTop" time="0.033"/>
  <testcase classname="Test_Cases.Finding_Hospitals" name="navigatioToHealth_Page" time="7.98"/>
  <testcase classname="Test_Cases.Finding_Hospitals" name="scrollToDemoBtn" time="0.197"/>
  <testcase classname="Test_Cases.Finding_Hospitals" name="verifyDemoBtn_1" time="0.739"/>
  <testcase classname="Test_Cases.Finding_Hospitals" name="ClickDemoBtn" time="0.13"/>
  <testcase classname="Test_Cases.Finding_Hospitals" name="ClearingData" time="0.342"/>
  <testcase classname="Test_Cases.Finding_Hospitals" name="verifyDemoBtn_2" time="2.126"/>
  <testcase classname="Test_Cases.Finding_Hospitals" name="Verify_ResultMsg" time="0.703"/>
</testsuite> <!-- Default test -->
