<?xml version="1.0" encoding="UTF-8"?>
<!-- Generated by org.testng.reporters.JUnitXMLReporter -->
<testsuite ignored="0" hostname="LTIN275801" failures="0" tests="19" name="Default test" time="97.372" errors="0" timestamp="2024-02-28T18:46:39 IST">
  <testcase classname="Test_Cases.Finding_Hospitals" name="Search_City" time="0.702"/>
  <testcase classname="Test_Cases.Finding_Hospitals" name="Search_Dentists" time="5.998"/>
  <testcase classname="Test_Cases.Finding_Hospitals" name="select_PatientStories" time="2.386"/>
  <testcase classname="Test_Cases.Finding_Hospitals" name="select_Experience" time="3.316"/>
  <testcase classname="Test_Cases.Finding_Hospitals" name="applyFilters" time="2.783"/>
  <testcase classname="Test_Cases.Finding_Hospitals" name="applyFilters_1" time="4.123"/>
  <testcase classname="Test_Cases.Finding_Hospitals" name="applyFilters_2" time="4.894"/>
  <testcase classname="Test_Cases.Finding_Hospitals" name="get_DoctorDetails" time="28.676"/>
  <testcase classname="Test_Cases.Finding_Hospitals" name="navigateToSurgeries" time="1.665"/>
  <testcase classname="Test_Cases.Finding_Hospitals" name="ScrollToSurgeries" time="0.151"/>
  <testcase classname="Test_Cases.Finding_Hospitals" name="sugeryNames" time="2.779"/>
  <testcase classname="Test_Cases.Finding_Hospitals" name="ScrollToTop" time="0.046"/>
  <testcase classname="Test_Cases.Finding_Hospitals" name="navigatioToHealth_Page" time="10.215"/>
  <testcase classname="Test_Cases.Finding_Hospitals" name="scrollToDemoBtn" time="0.284"/>
  <testcase classname="Test_Cases.Finding_Hospitals" name="verifyDemoBtn_1" time="1.263"/>
  <testcase classname="Test_Cases.Finding_Hospitals" name="ClickDemoBtn" time="0.169"/>
  <testcase classname="Test_Cases.Finding_Hospitals" name="ClearingData" time="0.48"/>
  <testcase classname="Test_Cases.Finding_Hospitals" name="verifyDemoBtn_2" time="3.079"/>
  <testcase classname="Test_Cases.Finding_Hospitals" name="Verify_ResultMsg" time="14.409"/>
</testsuite> <!-- Default test -->
