<?xml version="1.0" encoding="UTF-8"?>
<!-- Generated by org.testng.reporters.JUnitXMLReporter -->
<testsuite ignored="0" hostname="LTIN275801" failures="0" tests="20" name="Test" time="67.548" errors="0" timestamp="2024-03-02T16:46:40 IST">
  <testcase classname="Test_Cases.Finding_Hospitals" name="findDoctors" time="1.915"/>
  <testcase classname="Test_Cases.Finding_Hospitals" name="Search_City" time="1.206"/>
  <testcase classname="Test_Cases.Finding_Hospitals" name="Search_Dentists" time="2.139"/>
  <testcase classname="Test_Cases.Finding_Hospitals" name="select_PatientStories" time="2.444"/>
  <testcase classname="Test_Cases.Finding_Hospitals" name="select_Experience" time="2.31"/>
  <testcase classname="Test_Cases.Finding_Hospitals" name="applyFilters" time="2.267"/>
  <testcase classname="Test_Cases.Finding_Hospitals" name="applyFilters_1" time="2.25"/>
  <testcase classname="Test_Cases.Finding_Hospitals" name="applyFilters_2" time="3.542"/>
  <testcase classname="Test_Cases.Finding_Hospitals" name="get_DoctorDetails" time="21.73"/>
  <testcase classname="Test_Cases.Finding_Hospitals" name="navigateToSurgeries" time="1.099"/>
  <testcase classname="Test_Cases.Finding_Hospitals" name="ScrollToSurgeries" time="0.141"/>
  <testcase classname="Test_Cases.Finding_Hospitals" name="sugeryNames" time="1.289"/>
  <testcase classname="Test_Cases.Finding_Hospitals" name="ScrollToTop" time="0.032"/>
  <testcase classname="Test_Cases.Finding_Hospitals" name="navigatioToHealth_Page" time="4.058"/>
  <testcase classname="Test_Cases.Finding_Hospitals" name="scrollToDemoBtn" time="0.323"/>
  <testcase classname="Test_Cases.Finding_Hospitals" name="verifyDemoBtn_1" time="0.889"/>
  <testcase classname="Test_Cases.Finding_Hospitals" name="ClickDemoBtn" time="0.125"/>
  <testcase classname="Test_Cases.Finding_Hospitals" name="ClearingData" time="0.338"/>
  <testcase classname="Test_Cases.Finding_Hospitals" name="verifyDemoBtn_2" time="1.86"/>
  <testcase classname="Test_Cases.Finding_Hospitals" name="Verify_ResultMsg" time="0.701"/>
</testsuite> <!-- Test -->
