<?xml version="1.0" encoding="UTF-8"?>
<!-- Generated by org.testng.reporters.JUnitXMLReporter -->
<testsuite ignored="0" hostname="LTIN275801" failures="0" tests="20" name="Test" time="63.789" errors="0" timestamp="2024-03-02T17:02:43 IST">
  <testcase classname="Test_Cases.Finding_Hospitals" name="findDoctors" time="2.048"/>
  <testcase classname="Test_Cases.Finding_Hospitals" name="Search_City" time="0.657"/>
  <testcase classname="Test_Cases.Finding_Hospitals" name="Search_Dentists" time="2.02"/>
  <testcase classname="Test_Cases.Finding_Hospitals" name="select_PatientStories" time="2.336"/>
  <testcase classname="Test_Cases.Finding_Hospitals" name="select_Experience" time="2.283"/>
  <testcase classname="Test_Cases.Finding_Hospitals" name="applyFilters" time="2.283"/>
  <testcase classname="Test_Cases.Finding_Hospitals" name="applyFilters_1" time="2.27"/>
  <testcase classname="Test_Cases.Finding_Hospitals" name="applyFilters_2" time="3.577"/>
  <testcase classname="Test_Cases.Finding_Hospitals" name="get_DoctorDetails" time="22.347"/>
  <testcase classname="Test_Cases.Finding_Hospitals" name="navigateToSurgeries" time="1.146"/>
  <testcase classname="Test_Cases.Finding_Hospitals" name="ScrollToSurgeries" time="0.067"/>
  <testcase classname="Test_Cases.Finding_Hospitals" name="sugeryNames" time="1.074"/>
  <testcase classname="Test_Cases.Finding_Hospitals" name="ScrollToTop" time="0.039"/>
  <testcase classname="Test_Cases.Finding_Hospitals" name="navigatioToHealth_Page" time="3.531"/>
  <testcase classname="Test_Cases.Finding_Hospitals" name="scrollToDemoBtn" time="0.112"/>
  <testcase classname="Test_Cases.Finding_Hospitals" name="verifyDemoBtn_1" time="0.708"/>
  <testcase classname="Test_Cases.Finding_Hospitals" name="ClickDemoBtn" time="0.097"/>
  <testcase classname="Test_Cases.Finding_Hospitals" name="ClearingData" time="0.265"/>
  <testcase classname="Test_Cases.Finding_Hospitals" name="verifyDemoBtn_2" time="2.074"/>
  <testcase classname="Test_Cases.Finding_Hospitals" name="Verify_ResultMsg" time="0.75"/>
</testsuite> <!-- Test -->
