<?xml version="1.0" encoding="UTF-8"?>
<testng-results ignored="0" total="19" passed="19" failed="0" skipped="0">
  <reporter-output>
  </reporter-output>
  <suite started-at="2024-02-28T19:30:33 IST" name="Suite" finished-at="2024-02-28T19:32:46 IST" duration-ms="132930">
    <groups>
      <group name="smoke">
        <method signature="Finding_Hospitals.Search_City()[pri:0, instance:Test_Cases.Finding_Hospitals@3eb738bb]" name="Search_City" class="Test_Cases.Finding_Hospitals"/>
        <method signature="Finding_Hospitals.get_DoctorDetails()[pri:7, instance:Test_Cases.Finding_Hospitals@3eb738bb]" name="get_DoctorDetails" class="Test_Cases.Finding_Hospitals"/>
        <method signature="Finding_Hospitals.ClickDemoBtn()[pri:15, instance:Test_Cases.Finding_Hospitals@3eb738bb]" name="ClickDemoBtn" class="Test_Cases.Finding_Hospitals"/>
        <method signature="Finding_Hospitals.verifyDemoBtn_2()[pri:18, instance:Test_Cases.Finding_Hospitals@3eb738bb]" name="verifyDemoBtn_2" class="Test_Cases.Finding_Hospitals"/>
      </group> <!-- smoke -->
      <group name="regression_1">
        <method signature="Finding_Hospitals.Search_Dentists()[pri:1, instance:Test_Cases.Finding_Hospitals@3eb738bb]" name="Search_Dentists" class="Test_Cases.Finding_Hospitals"/>
        <method signature="Finding_Hospitals.navigateToSurgeries()[pri:8, instance:Test_Cases.Finding_Hospitals@3eb738bb]" name="navigateToSurgeries" class="Test_Cases.Finding_Hospitals"/>
        <method signature="Finding_Hospitals.sugeryNames()[pri:10, instance:Test_Cases.Finding_Hospitals@3eb738bb]" name="sugeryNames" class="Test_Cases.Finding_Hospitals"/>
        <method signature="Finding_Hospitals.navigatioToHealth_Page()[pri:12, instance:Test_Cases.Finding_Hospitals@3eb738bb]" name="navigatioToHealth_Page" class="Test_Cases.Finding_Hospitals"/>
        <method signature="Finding_Hospitals.verifyDemoBtn_1()[pri:14, instance:Test_Cases.Finding_Hospitals@3eb738bb]" name="verifyDemoBtn_1" class="Test_Cases.Finding_Hospitals"/>
      </group> <!-- regression_1 -->
      <group name="regression_2">
        <method signature="Finding_Hospitals.select_PatientStories()[pri:2, instance:Test_Cases.Finding_Hospitals@3eb738bb]" name="select_PatientStories" class="Test_Cases.Finding_Hospitals"/>
        <method signature="Finding_Hospitals.select_Experience()[pri:3, instance:Test_Cases.Finding_Hospitals@3eb738bb]" name="select_Experience" class="Test_Cases.Finding_Hospitals"/>
        <method signature="Finding_Hospitals.applyFilters()[pri:4, instance:Test_Cases.Finding_Hospitals@3eb738bb]" name="applyFilters" class="Test_Cases.Finding_Hospitals"/>
        <method signature="Finding_Hospitals.applyFilters_1()[pri:5, instance:Test_Cases.Finding_Hospitals@3eb738bb]" name="applyFilters_1" class="Test_Cases.Finding_Hospitals"/>
        <method signature="Finding_Hospitals.applyFilters_2()[pri:6, instance:Test_Cases.Finding_Hospitals@3eb738bb]" name="applyFilters_2" class="Test_Cases.Finding_Hospitals"/>
        <method signature="Finding_Hospitals.ScrollToSurgeries()[pri:9, instance:Test_Cases.Finding_Hospitals@3eb738bb]" name="ScrollToSurgeries" class="Test_Cases.Finding_Hospitals"/>
        <method signature="Finding_Hospitals.ScrollToTop()[pri:11, instance:Test_Cases.Finding_Hospitals@3eb738bb]" name="ScrollToTop" class="Test_Cases.Finding_Hospitals"/>
        <method signature="Finding_Hospitals.scrollToDemoBtn()[pri:13, instance:Test_Cases.Finding_Hospitals@3eb738bb]" name="scrollToDemoBtn" class="Test_Cases.Finding_Hospitals"/>
        <method signature="Finding_Hospitals.ClearingData()[pri:17, instance:Test_Cases.Finding_Hospitals@3eb738bb]" name="ClearingData" class="Test_Cases.Finding_Hospitals"/>
        <method signature="Finding_Hospitals.Verify_ResultMsg()[pri:19, instance:Test_Cases.Finding_Hospitals@3eb738bb]" name="Verify_ResultMsg" class="Test_Cases.Finding_Hospitals"/>
      </group> <!-- regression_2 -->
    </groups>
    <test started-at="2024-02-28T19:30:33 IST" name="Test" finished-at="2024-02-28T19:32:46 IST" duration-ms="132930">
      <class name="Test_Cases.Finding_Hospitals">
        <test-method is-config="true" signature="Setup_Browser(java.lang.String)[pri:0, instance:Test_Cases.Finding_Hospitals@3eb738bb]" started-at="2024-02-28T19:30:35 IST" name="Setup_Browser" finished-at="2024-02-28T19:30:52 IST" duration-ms="16913" status="PASS">
          <params>
            <param index="0">
              <value>
                <![CDATA[chrome]]>
              </value>
            </param>
          </params>
          <reporter-output>
          </reporter-output>
        </test-method> <!-- Setup_Browser -->
        <test-method signature="Search_City()[pri:0, instance:Test_Cases.Finding_Hospitals@3eb738bb]" started-at="2024-02-28T19:30:52 IST" name="Search_City" finished-at="2024-02-28T19:31:04 IST" duration-ms="11878" status="PASS">
          <reporter-output>
          </reporter-output>
        </test-method> <!-- Search_City -->
        <test-method signature="Search_Dentists()[pri:1, instance:Test_Cases.Finding_Hospitals@3eb738bb]" started-at="2024-02-28T19:31:04 IST" name="Search_Dentists" finished-at="2024-02-28T19:31:10 IST" duration-ms="5732" status="PASS">
          <reporter-output>
          </reporter-output>
        </test-method> <!-- Search_Dentists -->
        <test-method signature="select_PatientStories()[pri:2, instance:Test_Cases.Finding_Hospitals@3eb738bb]" started-at="2024-02-28T19:31:10 IST" name="select_PatientStories" finished-at="2024-02-28T19:31:13 IST" duration-ms="2501" status="PASS">
          <reporter-output>
          </reporter-output>
        </test-method> <!-- select_PatientStories -->
        <test-method signature="select_Experience()[pri:3, instance:Test_Cases.Finding_Hospitals@3eb738bb]" started-at="2024-02-28T19:31:14 IST" name="select_Experience" finished-at="2024-02-28T19:31:17 IST" duration-ms="2591" status="PASS">
          <reporter-output>
          </reporter-output>
        </test-method> <!-- select_Experience -->
        <test-method signature="applyFilters()[pri:4, instance:Test_Cases.Finding_Hospitals@3eb738bb]" started-at="2024-02-28T19:31:18 IST" name="applyFilters" finished-at="2024-02-28T19:31:21 IST" duration-ms="2546" status="PASS">
          <reporter-output>
          </reporter-output>
        </test-method> <!-- applyFilters -->
        <test-method signature="applyFilters_1()[pri:5, instance:Test_Cases.Finding_Hospitals@3eb738bb]" started-at="2024-02-28T19:31:23 IST" name="applyFilters_1" finished-at="2024-02-28T19:31:26 IST" duration-ms="2879" status="PASS">
          <reporter-output>
          </reporter-output>
        </test-method> <!-- applyFilters_1 -->
        <test-method signature="applyFilters_2()[pri:6, instance:Test_Cases.Finding_Hospitals@3eb738bb]" started-at="2024-02-28T19:31:27 IST" name="applyFilters_2" finished-at="2024-02-28T19:31:32 IST" duration-ms="4521" status="PASS">
          <reporter-output>
          </reporter-output>
        </test-method> <!-- applyFilters_2 -->
        <test-method signature="get_DoctorDetails()[pri:7, instance:Test_Cases.Finding_Hospitals@3eb738bb]" started-at="2024-02-28T19:31:32 IST" name="get_DoctorDetails" finished-at="2024-02-28T19:32:00 IST" duration-ms="28479" status="PASS">
          <reporter-output>
          </reporter-output>
        </test-method> <!-- get_DoctorDetails -->
        <test-method signature="navigateToSurgeries()[pri:8, instance:Test_Cases.Finding_Hospitals@3eb738bb]" started-at="2024-02-28T19:32:01 IST" name="navigateToSurgeries" finished-at="2024-02-28T19:32:02 IST" duration-ms="1633" status="PASS">
          <reporter-output>
          </reporter-output>
        </test-method> <!-- navigateToSurgeries -->
        <test-method signature="ScrollToSurgeries()[pri:9, instance:Test_Cases.Finding_Hospitals@3eb738bb]" started-at="2024-02-28T19:32:03 IST" name="ScrollToSurgeries" finished-at="2024-02-28T19:32:03 IST" duration-ms="29" status="PASS">
          <reporter-output>
          </reporter-output>
        </test-method> <!-- ScrollToSurgeries -->
        <test-method signature="sugeryNames()[pri:10, instance:Test_Cases.Finding_Hospitals@3eb738bb]" started-at="2024-02-28T19:32:03 IST" name="sugeryNames" finished-at="2024-02-28T19:32:05 IST" duration-ms="1795" status="PASS">
          <reporter-output>
          </reporter-output>
        </test-method> <!-- sugeryNames -->
        <test-method signature="ScrollToTop()[pri:11, instance:Test_Cases.Finding_Hospitals@3eb738bb]" started-at="2024-02-28T19:32:05 IST" name="ScrollToTop" finished-at="2024-02-28T19:32:05 IST" duration-ms="56" status="PASS">
          <reporter-output>
          </reporter-output>
        </test-method> <!-- ScrollToTop -->
        <test-method signature="navigatioToHealth_Page()[pri:12, instance:Test_Cases.Finding_Hospitals@3eb738bb]" started-at="2024-02-28T19:32:05 IST" name="navigatioToHealth_Page" finished-at="2024-02-28T19:32:14 IST" duration-ms="9212" status="PASS">
          <reporter-output>
          </reporter-output>
        </test-method> <!-- navigatioToHealth_Page -->
        <test-method signature="scrollToDemoBtn()[pri:13, instance:Test_Cases.Finding_Hospitals@3eb738bb]" started-at="2024-02-28T19:32:15 IST" name="scrollToDemoBtn" finished-at="2024-02-28T19:32:15 IST" duration-ms="288" status="PASS">
          <reporter-output>
          </reporter-output>
        </test-method> <!-- scrollToDemoBtn -->
        <test-method signature="verifyDemoBtn_1()[pri:14, instance:Test_Cases.Finding_Hospitals@3eb738bb]" started-at="2024-02-28T19:32:15 IST" name="verifyDemoBtn_1" finished-at="2024-02-28T19:32:17 IST" duration-ms="1602" status="PASS">
          <reporter-output>
          </reporter-output>
        </test-method> <!-- verifyDemoBtn_1 -->
        <test-method signature="ClickDemoBtn()[pri:15, instance:Test_Cases.Finding_Hospitals@3eb738bb]" started-at="2024-02-28T19:32:17 IST" name="ClickDemoBtn" finished-at="2024-02-28T19:32:18 IST" duration-ms="234" status="PASS">
          <reporter-output>
          </reporter-output>
        </test-method> <!-- ClickDemoBtn -->
        <test-method signature="ClearingData()[pri:17, instance:Test_Cases.Finding_Hospitals@3eb738bb]" started-at="2024-02-28T19:32:18 IST" name="ClearingData" finished-at="2024-02-28T19:32:18 IST" duration-ms="494" status="PASS">
          <reporter-output>
          </reporter-output>
        </test-method> <!-- ClearingData -->
        <test-method signature="verifyDemoBtn_2()[pri:18, instance:Test_Cases.Finding_Hospitals@3eb738bb]" started-at="2024-02-28T19:32:19 IST" name="verifyDemoBtn_2" finished-at="2024-02-28T19:32:22 IST" duration-ms="3751" status="PASS">
          <reporter-output>
          </reporter-output>
        </test-method> <!-- verifyDemoBtn_2 -->
        <test-method signature="Verify_ResultMsg()[pri:19, instance:Test_Cases.Finding_Hospitals@3eb738bb]" started-at="2024-02-28T19:32:23 IST" name="Verify_ResultMsg" finished-at="2024-02-28T19:32:44 IST" duration-ms="21293" status="PASS">
          <reporter-output>
          </reporter-output>
        </test-method> <!-- Verify_ResultMsg -->
        <test-method is-config="true" signature="tearDown()[pri:0, instance:Test_Cases.Finding_Hospitals@3eb738bb]" started-at="2024-02-28T19:32:44 IST" name="tearDown" finished-at="2024-02-28T19:32:46 IST" duration-ms="1576" status="PASS">
          <reporter-output>
          </reporter-output>
        </test-method> <!-- tearDown -->
      </class> <!-- Test_Cases.Finding_Hospitals -->
    </test> <!-- Test -->
  </suite> <!-- Suite -->
</testng-results>
